<?xml version="1.0" encoding="UTF-8"?>
<!-- Generated by org.testng.reporters.JUnitReportReporter -->
<testsuite skipped="0" hostname="MSalman" name="tests.ReactForgotPasswordTest" tests="5" failures="0" timestamp="08 Jul 2019 10:44:10 GMT" time="46.119" errors="0">
  <testcase name="TC_Negative_Verify_theError_messageDisplayed_whenUser_EnterInvalid_email" time="15.168" classname="tests.ReactForgotPasswordTest"/>
  <testcase name="TC_Negative_Verify_theError_messageDisplayed_whenEmail_IsEmpty" time="5.363" classname="tests.ReactForgotPasswordTest"/>
  <testcase name="TC_Negative_Verify_theError_messageDisplayed_whenUser_enterUnregistered_email" time="8.577" classname="tests.ReactForgotPasswordTest"/>
  <testcase name="TC_Negative_Verify_theError_messageDisplayed_whenUser_enterregistered_emailand_ClickonButton" time="8.419" classname="tests.ReactForgotPasswordTest"/>
  <testcase name="TC_Negative_Verify_theError_messageDisplayed_whenUser_shouldbe_ableToSend_PasswordLink" time="8.592" classname="tests.ReactForgotPasswordTest"/>
</testsuite> <!-- tests.ReactForgotPasswordTest -->
