<?xml version="1.0" encoding="UTF-8"?>
<!-- Generated by org.testng.reporters.JUnitReportReporter -->
<testsuite hostname="MSalman" name="tests.ReactSkillDensityTest" tests="9" failures="0" timestamp="11 Apr 2019 09:27:15 GMT" time="164.185" errors="0">
  <testcase name="TC_Negative_Verify_theError_messageDisplayed_addSkills_field_IsEmpty" time="29.936" classname="tests.ReactSkillDensityTest"/>
  <testcase name="TC_Negative_Verify_theError_messageDisplayed_whenUser_addDuplicate_Skills" time="19.261" classname="tests.ReactSkillDensityTest"/>
  <testcase name="TC_Negative_Verify_theUser_shouldbe_ableTo_moveOn_previouspage_Onclick_cancelButton" time="6.897" classname="tests.ReactSkillDensityTest"/>
  <testcase name="TC_Positive_Verify_thatUser_ShouldBe_ableTo_AddDisplay_theSkill" time="17.675" classname="tests.ReactSkillDensityTest"/>
  <testcase name="TC_Negative_Verify_theError_messageDisplayed_whenUser_enterSkill_Percentage_moreThan_100" time="17.662" classname="tests.ReactSkillDensityTest"/>
  <testcase name="TC_Positive_Verify_thatUser_ShouldBe_ableTo_AddandSave_Skills" time="19.779" classname="tests.ReactSkillDensityTest"/>
  <testcase name="TC_Positive_Verify_thatUser_ShouldBe_ableTo_Delete_theSkills" time="22.722" classname="tests.ReactSkillDensityTest"/>
  <testcase name="TC_Negative_Verify_thaAddSkill_andPercent_Popup_ShouldBeAppear_Onlclick_AddButton" time="4.586" classname="tests.ReactSkillDensityTest"/>
  <testcase name="TC_Positive_Verify_thatUser_ShouldBe_ableTo_addDisplay_the_multiple_Skills" time="25.667" classname="tests.ReactSkillDensityTest"/>
</testsuite> <!-- tests.ReactSkillDensityTest -->
