<?xml version="1.0" encoding="UTF-8"?>
<!-- Generated by org.testng.reporters.JUnitReportReporter -->
<testsuite hostname="MohdSalmanQA" failures="0" tests="3" name="tests.ReactSetPreferencesTest" time="11.459" errors="0" timestamp="2020-01-16T02:58:22 GMT-08:00" skipped="0">
  <testcase classname="tests.ReactSetPreferencesTest" name="TC1_Positive_SP_Verify_PageOpen_IsSetPerefences_Page" time="4.933"/>
  <testcase classname="tests.ReactSetPreferencesTest" name="TC2_Positive_SP_Verify_LoginPage_ShouldbeDisplayed_OnclickRecruiterLink" time="3.463"/>
  <testcase classname="tests.ReactSetPreferencesTest" name="TC3_Positive_SP_Verify_SetPreferences_DisplayedThreeFields_InDefault" time="3.063"/>
</testsuite> <!-- tests.ReactSetPreferencesTest -->
